[INFO  - 2016-04-05T08:35:39.249Z] GhostDriver - Main - running on port 2234
[INFO  - 2016-04-05T08:35:39.437Z] Session [6057ea80-fb09-11e5-a3f9-b5d91a2dff65] - page.settings - {"XSSAuditingEnabled":false,"javascriptCanCloseWindows":true,"javascriptCanOpenWindows":true,"javascriptEnabled":true,"loadImages":true,"localToRemoteUrlAccessEnabled":false,"userAgent":"Mozilla/5.0 (Windows NT 6.2; WOW64) AppleWebKit/538.1 (KHTML, like Gecko) PhantomJS/2.0.0 Safari/538.1","webSecurityEnabled":true}
[INFO  - 2016-04-05T08:35:39.437Z] Session [6057ea80-fb09-11e5-a3f9-b5d91a2dff65] - page.customHeaders:  - {}
[INFO  - 2016-04-05T08:35:39.438Z] Session [6057ea80-fb09-11e5-a3f9-b5d91a2dff65] - Session.negotiatedCapabilities - {"browserName":"phantomjs","version":"2.0.0","driverName":"ghostdriver","driverVersion":"1.2.0","platform":"windows-unknown-32bit","javascriptEnabled":true,"takesScreenshot":true,"handlesAlerts":false,"databaseEnabled":false,"locationContextEnabled":false,"applicationCacheEnabled":false,"browserConnectionEnabled":false,"cssSelectorsEnabled":true,"webStorageEnabled":false,"rotatable":false,"acceptSslCerts":false,"nativeEvents":true,"proxy":{"proxyType":"direct"}}
[INFO  - 2016-04-05T08:35:39.438Z] SessionManagerReqHand - _postNewSessionCommand - New Session Created: 6057ea80-fb09-11e5-a3f9-b5d91a2dff65
[INFO  - 2016-04-05T08:35:40.139Z] ShutdownReqHand - _handle - About to shutdown
[INFO  - 2016-04-05T13:03:16.642Z] GhostDriver - Main - running on port 3667
[INFO  - 2016-04-05T13:03:17.154Z] Session [c37cedc0-fb2e-11e5-b46f-a7f307a69ad8] - page.settings - {"XSSAuditingEnabled":false,"javascriptCanCloseWindows":true,"javascriptCanOpenWindows":true,"javascriptEnabled":true,"loadImages":true,"localToRemoteUrlAccessEnabled":false,"userAgent":"Mozilla/5.0 (Windows NT 6.2; WOW64) AppleWebKit/538.1 (KHTML, like Gecko) PhantomJS/2.0.0 Safari/538.1","webSecurityEnabled":true}
[INFO  - 2016-04-05T13:03:17.155Z] Session [c37cedc0-fb2e-11e5-b46f-a7f307a69ad8] - page.customHeaders:  - {}
[INFO  - 2016-04-05T13:03:17.155Z] Session [c37cedc0-fb2e-11e5-b46f-a7f307a69ad8] - Session.negotiatedCapabilities - {"browserName":"phantomjs","version":"2.0.0","driverName":"ghostdriver","driverVersion":"1.2.0","platform":"windows-unknown-32bit","javascriptEnabled":true,"takesScreenshot":true,"handlesAlerts":false,"databaseEnabled":false,"locationContextEnabled":false,"applicationCacheEnabled":false,"browserConnectionEnabled":false,"cssSelectorsEnabled":true,"webStorageEnabled":false,"rotatable":false,"acceptSslCerts":false,"nativeEvents":true,"proxy":{"proxyType":"direct"}}
[INFO  - 2016-04-05T13:03:17.155Z] SessionManagerReqHand - _postNewSessionCommand - New Session Created: c37cedc0-fb2e-11e5-b46f-a7f307a69ad8
[INFO  - 2016-04-05T13:03:18.068Z] ShutdownReqHand - _handle - About to shutdown
[INFO  - 2016-04-05T13:45:46.884Z] GhostDriver - Main - running on port 43751
[INFO  - 2016-04-05T13:45:47.201Z] Session [b36f38b0-fb34-11e5-aae0-e5ff93780870] - page.settings - {"XSSAuditingEnabled":false,"javascriptCanCloseWindows":true,"javascriptCanOpenWindows":true,"javascriptEnabled":true,"loadImages":true,"localToRemoteUrlAccessEnabled":false,"userAgent":"Mozilla/5.0 (Windows NT 6.2; WOW64) AppleWebKit/538.1 (KHTML, like Gecko) PhantomJS/2.0.0 Safari/538.1","webSecurityEnabled":true}
[INFO  - 2016-04-05T13:45:47.201Z] Session [b36f38b0-fb34-11e5-aae0-e5ff93780870] - page.customHeaders:  - {}
[INFO  - 2016-04-05T13:45:47.201Z] Session [b36f38b0-fb34-11e5-aae0-e5ff93780870] - Session.negotiatedCapabilities - {"browserName":"phantomjs","version":"2.0.0","driverName":"ghostdriver","driverVersion":"1.2.0","platform":"windows-unknown-32bit","javascriptEnabled":true,"takesScreenshot":true,"handlesAlerts":false,"databaseEnabled":false,"locationContextEnabled":false,"applicationCacheEnabled":false,"browserConnectionEnabled":false,"cssSelectorsEnabled":true,"webStorageEnabled":false,"rotatable":false,"acceptSslCerts":false,"nativeEvents":true,"proxy":{"proxyType":"direct"}}
[INFO  - 2016-04-05T13:45:47.201Z] SessionManagerReqHand - _postNewSessionCommand - New Session Created: b36f38b0-fb34-11e5-aae0-e5ff93780870
[INFO  - 2016-04-05T13:45:48.061Z] ShutdownReqHand - _handle - About to shutdown
[INFO  - 2016-04-10T13:04:50.894Z] GhostDriver - Main - running on port 5106
[INFO  - 2016-04-10T13:04:51.078Z] Session [cf8930f0-ff1c-11e5-ac96-5f3fa8bb9aaa] - page.settings - {"XSSAuditingEnabled":false,"javascriptCanCloseWindows":true,"javascriptCanOpenWindows":true,"javascriptEnabled":true,"loadImages":true,"localToRemoteUrlAccessEnabled":false,"userAgent":"Mozilla/5.0 (Windows NT 6.2; WOW64) AppleWebKit/538.1 (KHTML, like Gecko) PhantomJS/2.0.0 Safari/538.1","webSecurityEnabled":true}
[INFO  - 2016-04-10T13:04:51.078Z] Session [cf8930f0-ff1c-11e5-ac96-5f3fa8bb9aaa] - page.customHeaders:  - {}
[INFO  - 2016-04-10T13:04:51.078Z] Session [cf8930f0-ff1c-11e5-ac96-5f3fa8bb9aaa] - Session.negotiatedCapabilities - {"browserName":"phantomjs","version":"2.0.0","driverName":"ghostdriver","driverVersion":"1.2.0","platform":"windows-unknown-32bit","javascriptEnabled":true,"takesScreenshot":true,"handlesAlerts":false,"databaseEnabled":false,"locationContextEnabled":false,"applicationCacheEnabled":false,"browserConnectionEnabled":false,"cssSelectorsEnabled":true,"webStorageEnabled":false,"rotatable":false,"acceptSslCerts":false,"nativeEvents":true,"proxy":{"proxyType":"direct"}}
[INFO  - 2016-04-10T13:04:51.078Z] SessionManagerReqHand - _postNewSessionCommand - New Session Created: cf8930f0-ff1c-11e5-ac96-5f3fa8bb9aaa
[INFO  - 2016-04-10T13:04:51.930Z] ShutdownReqHand - _handle - About to shutdown
[INFO  - 2016-04-10T13:07:47.060Z] GhostDriver - Main - running on port 7114
[INFO  - 2016-04-10T13:07:47.545Z] Session [38b83940-ff1d-11e5-8a13-dbf99677fa4d] - page.settings - {"XSSAuditingEnabled":false,"javascriptCanCloseWindows":true,"javascriptCanOpenWindows":true,"javascriptEnabled":true,"loadImages":true,"localToRemoteUrlAccessEnabled":false,"userAgent":"Mozilla/5.0 (Windows NT 6.2; WOW64) AppleWebKit/538.1 (KHTML, like Gecko) PhantomJS/2.0.0 Safari/538.1","webSecurityEnabled":true}
[INFO  - 2016-04-10T13:07:47.545Z] Session [38b83940-ff1d-11e5-8a13-dbf99677fa4d] - page.customHeaders:  - {}
[INFO  - 2016-04-10T13:07:47.545Z] Session [38b83940-ff1d-11e5-8a13-dbf99677fa4d] - Session.negotiatedCapabilities - {"browserName":"phantomjs","version":"2.0.0","driverName":"ghostdriver","driverVersion":"1.2.0","platform":"windows-unknown-32bit","javascriptEnabled":true,"takesScreenshot":true,"handlesAlerts":false,"databaseEnabled":false,"locationContextEnabled":false,"applicationCacheEnabled":false,"browserConnectionEnabled":false,"cssSelectorsEnabled":true,"webStorageEnabled":false,"rotatable":false,"acceptSslCerts":false,"nativeEvents":true,"proxy":{"proxyType":"direct"}}
[INFO  - 2016-04-10T13:07:47.545Z] SessionManagerReqHand - _postNewSessionCommand - New Session Created: 38b83940-ff1d-11e5-8a13-dbf99677fa4d
[INFO  - 2016-04-10T13:07:48.273Z] ShutdownReqHand - _handle - About to shutdown
[INFO  - 2016-04-14T14:44:16.117Z] GhostDriver - Main - running on port 23193
[INFO  - 2016-04-14T14:44:16.606Z] Session [5cebad80-024f-11e6-a1d3-f9a9c58b0d3a] - page.settings - {"XSSAuditingEnabled":false,"javascriptCanCloseWindows":true,"javascriptCanOpenWindows":true,"javascriptEnabled":true,"loadImages":true,"localToRemoteUrlAccessEnabled":false,"userAgent":"Mozilla/5.0 (Windows NT 6.2; WOW64) AppleWebKit/538.1 (KHTML, like Gecko) PhantomJS/2.0.0 Safari/538.1","webSecurityEnabled":true}
[INFO  - 2016-04-14T14:44:16.606Z] Session [5cebad80-024f-11e6-a1d3-f9a9c58b0d3a] - page.customHeaders:  - {}
[INFO  - 2016-04-14T14:44:16.606Z] Session [5cebad80-024f-11e6-a1d3-f9a9c58b0d3a] - Session.negotiatedCapabilities - {"browserName":"phantomjs","version":"2.0.0","driverName":"ghostdriver","driverVersion":"1.2.0","platform":"windows-unknown-32bit","javascriptEnabled":true,"takesScreenshot":true,"handlesAlerts":false,"databaseEnabled":false,"locationContextEnabled":false,"applicationCacheEnabled":false,"browserConnectionEnabled":false,"cssSelectorsEnabled":true,"webStorageEnabled":false,"rotatable":false,"acceptSslCerts":false,"nativeEvents":true,"proxy":{"proxyType":"direct"}}
[INFO  - 2016-04-14T14:44:16.606Z] SessionManagerReqHand - _postNewSessionCommand - New Session Created: 5cebad80-024f-11e6-a1d3-f9a9c58b0d3a
[INFO  - 2016-04-14T14:44:17.259Z] ShutdownReqHand - _handle - About to shutdown
[INFO  - 2016-07-25T12:33:39.689Z] GhostDriver - Main - running on port 42958
[INFO  - 2016-07-25T12:33:39.855Z] Session [03fcdf90-5264-11e6-8fc9-2fbd1993e2c7] - page.settings - {"XSSAuditingEnabled":false,"javascriptCanCloseWindows":true,"javascriptCanOpenWindows":true,"javascriptEnabled":true,"loadImages":true,"localToRemoteUrlAccessEnabled":false,"userAgent":"Mozilla/5.0 (Windows NT 6.2; WOW64) AppleWebKit/538.1 (KHTML, like Gecko) PhantomJS/2.0.0 Safari/538.1","webSecurityEnabled":true}
[INFO  - 2016-07-25T12:33:39.855Z] Session [03fcdf90-5264-11e6-8fc9-2fbd1993e2c7] - page.customHeaders:  - {}
[INFO  - 2016-07-25T12:33:39.856Z] Session [03fcdf90-5264-11e6-8fc9-2fbd1993e2c7] - Session.negotiatedCapabilities - {"browserName":"phantomjs","version":"2.0.0","driverName":"ghostdriver","driverVersion":"1.2.0","platform":"windows-unknown-32bit","javascriptEnabled":true,"takesScreenshot":true,"handlesAlerts":false,"databaseEnabled":false,"locationContextEnabled":false,"applicationCacheEnabled":false,"browserConnectionEnabled":false,"cssSelectorsEnabled":true,"webStorageEnabled":false,"rotatable":false,"acceptSslCerts":false,"nativeEvents":true,"proxy":{"proxyType":"direct"}}
[INFO  - 2016-07-25T12:33:39.856Z] SessionManagerReqHand - _postNewSessionCommand - New Session Created: 03fcdf90-5264-11e6-8fc9-2fbd1993e2c7
[INFO  - 2016-07-25T12:33:40.462Z] ShutdownReqHand - _handle - About to shutdown
[INFO  - 2016-07-26T06:47:51.703Z] GhostDriver - Main - running on port 7290
[INFO  - 2016-07-26T06:47:52.383Z] Session [dff1c9a0-52fc-11e6-828e-b598295d8da3] - page.settings - {"XSSAuditingEnabled":false,"javascriptCanCloseWindows":true,"javascriptCanOpenWindows":true,"javascriptEnabled":true,"loadImages":true,"localToRemoteUrlAccessEnabled":false,"userAgent":"Mozilla/5.0 (Windows NT 6.2; WOW64) AppleWebKit/538.1 (KHTML, like Gecko) PhantomJS/2.0.0 Safari/538.1","webSecurityEnabled":true}
[INFO  - 2016-07-26T06:47:52.384Z] Session [dff1c9a0-52fc-11e6-828e-b598295d8da3] - page.customHeaders:  - {}
[INFO  - 2016-07-26T06:47:52.384Z] Session [dff1c9a0-52fc-11e6-828e-b598295d8da3] - Session.negotiatedCapabilities - {"browserName":"phantomjs","version":"2.0.0","driverName":"ghostdriver","driverVersion":"1.2.0","platform":"windows-unknown-32bit","javascriptEnabled":true,"takesScreenshot":true,"handlesAlerts":false,"databaseEnabled":false,"locationContextEnabled":false,"applicationCacheEnabled":false,"browserConnectionEnabled":false,"cssSelectorsEnabled":true,"webStorageEnabled":false,"rotatable":false,"acceptSslCerts":false,"nativeEvents":true,"proxy":{"proxyType":"direct"}}
[INFO  - 2016-07-26T06:47:52.384Z] SessionManagerReqHand - _postNewSessionCommand - New Session Created: dff1c9a0-52fc-11e6-828e-b598295d8da3
[INFO  - 2016-07-26T06:47:52.816Z] ShutdownReqHand - _handle - About to shutdown
[INFO  - 2016-07-26T08:33:08.672Z] GhostDriver - Main - running on port 14929
[INFO  - 2016-07-26T08:33:09.520Z] Session [954065b0-530b-11e6-bc41-5fefe9c7c48f] - page.settings - {"XSSAuditingEnabled":false,"javascriptCanCloseWindows":true,"javascriptCanOpenWindows":true,"javascriptEnabled":true,"loadImages":true,"localToRemoteUrlAccessEnabled":false,"userAgent":"Mozilla/5.0 (Windows NT 6.2; WOW64) AppleWebKit/538.1 (KHTML, like Gecko) PhantomJS/2.0.0 Safari/538.1","webSecurityEnabled":true}
[INFO  - 2016-07-26T08:33:09.520Z] Session [954065b0-530b-11e6-bc41-5fefe9c7c48f] - page.customHeaders:  - {}
[INFO  - 2016-07-26T08:33:09.520Z] Session [954065b0-530b-11e6-bc41-5fefe9c7c48f] - Session.negotiatedCapabilities - {"browserName":"phantomjs","version":"2.0.0","driverName":"ghostdriver","driverVersion":"1.2.0","platform":"windows-unknown-32bit","javascriptEnabled":true,"takesScreenshot":true,"handlesAlerts":false,"databaseEnabled":false,"locationContextEnabled":false,"applicationCacheEnabled":false,"browserConnectionEnabled":false,"cssSelectorsEnabled":true,"webStorageEnabled":false,"rotatable":false,"acceptSslCerts":false,"nativeEvents":true,"proxy":{"proxyType":"direct"}}
[INFO  - 2016-07-26T08:33:09.521Z] SessionManagerReqHand - _postNewSessionCommand - New Session Created: 954065b0-530b-11e6-bc41-5fefe9c7c48f
[INFO  - 2016-07-26T08:33:09.978Z] ShutdownReqHand - _handle - About to shutdown
[INFO  - 2016-07-26T08:39:08.499Z] GhostDriver - Main - running on port 13683
[INFO  - 2016-07-26T08:39:08.840Z] Session [6b6c2020-530c-11e6-a0f5-873ba666ff81] - page.settings - {"XSSAuditingEnabled":false,"javascriptCanCloseWindows":true,"javascriptCanOpenWindows":true,"javascriptEnabled":true,"loadImages":true,"localToRemoteUrlAccessEnabled":false,"userAgent":"Mozilla/5.0 (Windows NT 6.2; WOW64) AppleWebKit/538.1 (KHTML, like Gecko) PhantomJS/2.0.0 Safari/538.1","webSecurityEnabled":true}
[INFO  - 2016-07-26T08:39:08.840Z] Session [6b6c2020-530c-11e6-a0f5-873ba666ff81] - page.customHeaders:  - {}
[INFO  - 2016-07-26T08:39:08.840Z] Session [6b6c2020-530c-11e6-a0f5-873ba666ff81] - Session.negotiatedCapabilities - {"browserName":"phantomjs","version":"2.0.0","driverName":"ghostdriver","driverVersion":"1.2.0","platform":"windows-unknown-32bit","javascriptEnabled":true,"takesScreenshot":true,"handlesAlerts":false,"databaseEnabled":false,"locationContextEnabled":false,"applicationCacheEnabled":false,"browserConnectionEnabled":false,"cssSelectorsEnabled":true,"webStorageEnabled":false,"rotatable":false,"acceptSslCerts":false,"nativeEvents":true,"proxy":{"proxyType":"direct"}}
[INFO  - 2016-07-26T08:39:08.840Z] SessionManagerReqHand - _postNewSessionCommand - New Session Created: 6b6c2020-530c-11e6-a0f5-873ba666ff81
[INFO  - 2016-07-26T08:39:09.311Z] ShutdownReqHand - _handle - About to shutdown
[INFO  - 2016-07-26T08:49:23.994Z] GhostDriver - Main - running on port 6879
[INFO  - 2016-07-26T08:49:24.820Z] Session [da935df0-530d-11e6-810c-d5e0659bad0f] - page.settings - {"XSSAuditingEnabled":false,"javascriptCanCloseWindows":true,"javascriptCanOpenWindows":true,"javascriptEnabled":true,"loadImages":true,"localToRemoteUrlAccessEnabled":false,"userAgent":"Mozilla/5.0 (Windows NT 6.2; WOW64) AppleWebKit/538.1 (KHTML, like Gecko) PhantomJS/2.0.0 Safari/538.1","webSecurityEnabled":true}
[INFO  - 2016-07-26T08:49:24.820Z] Session [da935df0-530d-11e6-810c-d5e0659bad0f] - page.customHeaders:  - {}
[INFO  - 2016-07-26T08:49:24.820Z] Session [da935df0-530d-11e6-810c-d5e0659bad0f] - Session.negotiatedCapabilities - {"browserName":"phantomjs","version":"2.0.0","driverName":"ghostdriver","driverVersion":"1.2.0","platform":"windows-unknown-32bit","javascriptEnabled":true,"takesScreenshot":true,"handlesAlerts":false,"databaseEnabled":false,"locationContextEnabled":false,"applicationCacheEnabled":false,"browserConnectionEnabled":false,"cssSelectorsEnabled":true,"webStorageEnabled":false,"rotatable":false,"acceptSslCerts":false,"nativeEvents":true,"proxy":{"proxyType":"direct"}}
[INFO  - 2016-07-26T08:49:24.820Z] SessionManagerReqHand - _postNewSessionCommand - New Session Created: da935df0-530d-11e6-810c-d5e0659bad0f
[INFO  - 2016-07-26T08:49:25.293Z] ShutdownReqHand - _handle - About to shutdown
[INFO  - 2016-07-26T08:50:34.634Z] GhostDriver - Main - running on port 2551
[INFO  - 2016-07-26T08:50:35.491Z] Session [04b2c0d0-530e-11e6-b5ff-0fe65ec4d844] - page.settings - {"XSSAuditingEnabled":false,"javascriptCanCloseWindows":true,"javascriptCanOpenWindows":true,"javascriptEnabled":true,"loadImages":true,"localToRemoteUrlAccessEnabled":false,"userAgent":"Mozilla/5.0 (Windows NT 6.2; WOW64) AppleWebKit/538.1 (KHTML, like Gecko) PhantomJS/2.0.0 Safari/538.1","webSecurityEnabled":true}
[INFO  - 2016-07-26T08:50:35.491Z] Session [04b2c0d0-530e-11e6-b5ff-0fe65ec4d844] - page.customHeaders:  - {}
[INFO  - 2016-07-26T08:50:35.491Z] Session [04b2c0d0-530e-11e6-b5ff-0fe65ec4d844] - Session.negotiatedCapabilities - {"browserName":"phantomjs","version":"2.0.0","driverName":"ghostdriver","driverVersion":"1.2.0","platform":"windows-unknown-32bit","javascriptEnabled":true,"takesScreenshot":true,"handlesAlerts":false,"databaseEnabled":false,"locationContextEnabled":false,"applicationCacheEnabled":false,"browserConnectionEnabled":false,"cssSelectorsEnabled":true,"webStorageEnabled":false,"rotatable":false,"acceptSslCerts":false,"nativeEvents":true,"proxy":{"proxyType":"direct"}}
[INFO  - 2016-07-26T08:50:35.491Z] SessionManagerReqHand - _postNewSessionCommand - New Session Created: 04b2c0d0-530e-11e6-b5ff-0fe65ec4d844
[INFO  - 2016-07-26T08:50:36.042Z] ShutdownReqHand - _handle - About to shutdown
[INFO  - 2016-07-26T09:05:43.847Z] GhostDriver - Main - running on port 35310
[INFO  - 2016-07-26T09:05:44.891Z] Session [22be2e50-5310-11e6-986f-25cee36e1cf5] - page.settings - {"XSSAuditingEnabled":false,"javascriptCanCloseWindows":true,"javascriptCanOpenWindows":true,"javascriptEnabled":true,"loadImages":true,"localToRemoteUrlAccessEnabled":false,"userAgent":"Mozilla/5.0 (Windows NT 6.2; WOW64) AppleWebKit/538.1 (KHTML, like Gecko) PhantomJS/2.0.0 Safari/538.1","webSecurityEnabled":true}
[INFO  - 2016-07-26T09:05:44.892Z] Session [22be2e50-5310-11e6-986f-25cee36e1cf5] - page.customHeaders:  - {}
[INFO  - 2016-07-26T09:05:44.892Z] Session [22be2e50-5310-11e6-986f-25cee36e1cf5] - Session.negotiatedCapabilities - {"browserName":"phantomjs","version":"2.0.0","driverName":"ghostdriver","driverVersion":"1.2.0","platform":"windows-unknown-32bit","javascriptEnabled":true,"takesScreenshot":true,"handlesAlerts":false,"databaseEnabled":false,"locationContextEnabled":false,"applicationCacheEnabled":false,"browserConnectionEnabled":false,"cssSelectorsEnabled":true,"webStorageEnabled":false,"rotatable":false,"acceptSslCerts":false,"nativeEvents":true,"proxy":{"proxyType":"direct"}}
[INFO  - 2016-07-26T09:05:44.892Z] SessionManagerReqHand - _postNewSessionCommand - New Session Created: 22be2e50-5310-11e6-986f-25cee36e1cf5
[INFO  - 2016-07-26T09:05:45.305Z] ShutdownReqHand - _handle - About to shutdown
[INFO  - 2016-09-22T09:52:07.442Z] GhostDriver - Main - running on port 16023
[INFO  - 2016-09-22T09:52:08.567Z] Session [39e6ee10-80aa-11e6-873b-67dca370f38b] - page.settings - {"XSSAuditingEnabled":false,"javascriptCanCloseWindows":true,"javascriptCanOpenWindows":true,"javascriptEnabled":true,"loadImages":true,"localToRemoteUrlAccessEnabled":false,"userAgent":"Mozilla/5.0 (Windows NT 6.2; WOW64) AppleWebKit/538.1 (KHTML, like Gecko) PhantomJS/2.0.0 Safari/538.1","webSecurityEnabled":true}
[INFO  - 2016-09-22T09:52:08.567Z] Session [39e6ee10-80aa-11e6-873b-67dca370f38b] - page.customHeaders:  - {}
[INFO  - 2016-09-22T09:52:08.567Z] Session [39e6ee10-80aa-11e6-873b-67dca370f38b] - Session.negotiatedCapabilities - {"browserName":"phantomjs","version":"2.0.0","driverName":"ghostdriver","driverVersion":"1.2.0","platform":"windows-unknown-32bit","javascriptEnabled":true,"takesScreenshot":true,"handlesAlerts":false,"databaseEnabled":false,"locationContextEnabled":false,"applicationCacheEnabled":false,"browserConnectionEnabled":false,"cssSelectorsEnabled":true,"webStorageEnabled":false,"rotatable":false,"acceptSslCerts":false,"nativeEvents":true,"proxy":{"proxyType":"direct"}}
[INFO  - 2016-09-22T09:52:08.567Z] SessionManagerReqHand - _postNewSessionCommand - New Session Created: 39e6ee10-80aa-11e6-873b-67dca370f38b
[INFO  - 2016-09-22T09:52:09.216Z] ShutdownReqHand - _handle - About to shutdown
